{"/Users/sheebanair/Desktop/FEC/catwalk/sum.js": {"path":"/Users/sheebanair/Desktop/FEC/catwalk/sum.js","statementMap":{"0":{"start":{"line":2,"column":2},"end":{"line":2,"column":15}},"1":{"start":{"line":4,"column":0},"end":{"line":4,"column":21}}},"fnMap":{"0":{"name":"sum","decl":{"start":{"line":1,"column":9},"end":{"line":1,"column":12}},"loc":{"start":{"line":1,"column":19},"end":{"line":3,"column":1}},"line":1}},"branchMap":{},"s":{"0":1,"1":1},"f":{"0":1},"b":{},"_coverageSchema":"1a1c01bbd47fc00a2c39e90264f33305004495a9","hash":"6e21de5d1b2f3924d6a0a4563c3e630033698a37"}
,"/Users/sheebanair/Desktop/FEC/catwalk/client/components/related/modal.jsx": {"path":"/Users/sheebanair/Desktop/FEC/catwalk/client/components/related/modal.jsx","statementMap":{"0":{"start":{"line":10,"column":19},"end":{"line":18,"column":1}},"1":{"start":{"line":20,"column":25},"end":{"line":27,"column":1}},"2":{"start":{"line":25,"column":23},"end":{"line":25,"column":51}},"3":{"start":{"line":29,"column":19},"end":{"line":39,"column":1}},"4":{"start":{"line":41,"column":22},"end":{"line":43,"column":1}},"5":{"start":{"line":45,"column":23},"end":{"line":56,"column":1}},"6":{"start":{"line":47,"column":4},"end":{"line":49,"column":5}},"7":{"start":{"line":48,"column":6},"end":{"line":48,"column":20}},"8":{"start":{"line":50,"column":4},"end":{"line":52,"column":5}},"9":{"start":{"line":51,"column":6},"end":{"line":51,"column":21}},"10":{"start":{"line":53,"column":4},"end":{"line":53,"column":20}},"11":{"start":{"line":55,"column":23},"end":{"line":55,"column":59}},"12":{"start":{"line":58,"column":23},"end":{"line":60,"column":1}},"13":{"start":{"line":62,"column":26},"end":{"line":68,"column":1}},"14":{"start":{"line":78,"column":40},"end":{"line":78,"column":54}},"15":{"start":{"line":81,"column":27},"end":{"line":118,"column":3}},"16":{"start":{"line":82,"column":20},"end":{"line":82,"column":41}},"17":{"start":{"line":83,"column":20},"end":{"line":83,"column":41}},"18":{"start":{"line":85,"column":27},"end":{"line":85,"column":29}},"19":{"start":{"line":87,"column":4},"end":{"line":97,"column":5}},"20":{"start":{"line":87,"column":17},"end":{"line":87,"column":18}},"21":{"start":{"line":88,"column":6},"end":{"line":90,"column":7}},"22":{"start":{"line":89,"column":8},"end":{"line":89,"column":75}},"23":{"start":{"line":92,"column":6},"end":{"line":96,"column":7}},"24":{"start":{"line":93,"column":8},"end":{"line":93,"column":58}},"25":{"start":{"line":95,"column":8},"end":{"line":95,"column":83}},"26":{"start":{"line":99,"column":4},"end":{"line":109,"column":5}},"27":{"start":{"line":99,"column":17},"end":{"line":99,"column":18}},"28":{"start":{"line":100,"column":6},"end":{"line":102,"column":7}},"29":{"start":{"line":101,"column":8},"end":{"line":101,"column":75}},"30":{"start":{"line":104,"column":6},"end":{"line":108,"column":7}},"31":{"start":{"line":105,"column":8},"end":{"line":105,"column":58}},"32":{"start":{"line":107,"column":8},"end":{"line":107,"column":83}},"33":{"start":{"line":111,"column":29},"end":{"line":111,"column":31}},"34":{"start":{"line":113,"column":4},"end":{"line":115,"column":7}},"35":{"start":{"line":114,"column":6},"end":{"line":114,"column":76}},"36":{"start":{"line":117,"column":4},"end":{"line":117,"column":37}},"37":{"start":{"line":120,"column":2},"end":{"line":122,"column":9}},"38":{"start":{"line":121,"column":4},"end":{"line":121,"column":23}},"39":{"start":{"line":124,"column":2},"end":{"line":155,"column":4}},"40":{"start":{"line":140,"column":12},"end":{"line":148,"column":17}}},"fnMap":{"0":{"name":"(anonymous_0)","decl":{"start":{"line":25,"column":11},"end":{"line":25,"column":12}},"loc":{"start":{"line":25,"column":23},"end":{"line":25,"column":51}},"line":25},"1":{"name":"(anonymous_1)","decl":{"start":{"line":46,"column":16},"end":{"line":46,"column":17}},"loc":{"start":{"line":46,"column":27},"end":{"line":54,"column":3}},"line":46},"2":{"name":"(anonymous_2)","decl":{"start":{"line":55,"column":11},"end":{"line":55,"column":12}},"loc":{"start":{"line":55,"column":23},"end":{"line":55,"column":59}},"line":55},"3":{"name":"ModalContent","decl":{"start":{"line":77,"column":9},"end":{"line":77,"column":21}},"loc":{"start":{"line":77,"column":29},"end":{"line":156,"column":1}},"line":77},"4":{"name":"(anonymous_4)","decl":{"start":{"line":81,"column":27},"end":{"line":81,"column":28}},"loc":{"start":{"line":81,"column":33},"end":{"line":118,"column":3}},"line":81},"5":{"name":"(anonymous_5)","decl":{"start":{"line":113,"column":43},"end":{"line":113,"column":44}},"loc":{"start":{"line":113,"column":54},"end":{"line":115,"column":5}},"line":113},"6":{"name":"(anonymous_6)","decl":{"start":{"line":120,"column":12},"end":{"line":120,"column":13}},"loc":{"start":{"line":120,"column":18},"end":{"line":122,"column":3}},"line":120},"7":{"name":"(anonymous_7)","decl":{"start":{"line":139,"column":27},"end":{"line":139,"column":28}},"loc":{"start":{"line":140,"column":12},"end":{"line":148,"column":17}},"line":140}},"branchMap":{"0":{"loc":{"start":{"line":25,"column":23},"end":{"line":25,"column":51}},"type":"cond-expr","locations":[{"start":{"line":25,"column":35},"end":{"line":25,"column":42}},{"start":{"line":25,"column":45},"end":{"line":25,"column":51}}],"line":25},"1":{"loc":{"start":{"line":47,"column":4},"end":{"line":49,"column":5}},"type":"if","locations":[{"start":{"line":47,"column":4},"end":{"line":49,"column":5}},{"start":{"line":47,"column":4},"end":{"line":49,"column":5}}],"line":47},"2":{"loc":{"start":{"line":50,"column":4},"end":{"line":52,"column":5}},"type":"if","locations":[{"start":{"line":50,"column":4},"end":{"line":52,"column":5}},{"start":{"line":50,"column":4},"end":{"line":52,"column":5}}],"line":50},"3":{"loc":{"start":{"line":55,"column":23},"end":{"line":55,"column":59}},"type":"cond-expr","locations":[{"start":{"line":55,"column":38},"end":{"line":55,"column":47}},{"start":{"line":55,"column":50},"end":{"line":55,"column":59}}],"line":55},"4":{"loc":{"start":{"line":88,"column":6},"end":{"line":90,"column":7}},"type":"if","locations":[{"start":{"line":88,"column":6},"end":{"line":90,"column":7}},{"start":{"line":88,"column":6},"end":{"line":90,"column":7}}],"line":88},"5":{"loc":{"start":{"line":92,"column":6},"end":{"line":96,"column":7}},"type":"if","locations":[{"start":{"line":92,"column":6},"end":{"line":96,"column":7}},{"start":{"line":92,"column":6},"end":{"line":96,"column":7}}],"line":92},"6":{"loc":{"start":{"line":100,"column":6},"end":{"line":102,"column":7}},"type":"if","locations":[{"start":{"line":100,"column":6},"end":{"line":102,"column":7}},{"start":{"line":100,"column":6},"end":{"line":102,"column":7}}],"line":100},"7":{"loc":{"start":{"line":104,"column":6},"end":{"line":108,"column":7}},"type":"if","locations":[{"start":{"line":104,"column":6},"end":{"line":108,"column":7}},{"start":{"line":104,"column":6},"end":{"line":108,"column":7}}],"line":104},"8":{"loc":{"start":{"line":129,"column":7},"end":{"line":153,"column":7}},"type":"binary-expr","locations":[{"start":{"line":129,"column":7},"end":{"line":129,"column":27}},{"start":{"line":130,"column":6},"end":{"line":152,"column":19}}],"line":129},"9":{"loc":{"start":{"line":141,"column":15},"end":{"line":143,"column":71}},"type":"cond-expr","locations":[{"start":{"line":142,"column":18},"end":{"line":142,"column":64}},{"start":{"line":143,"column":18},"end":{"line":143,"column":71}}],"line":141},"10":{"loc":{"start":{"line":145,"column":15},"end":{"line":147,"column":72}},"type":"cond-expr","locations":[{"start":{"line":146,"column":18},"end":{"line":146,"column":65}},{"start":{"line":147,"column":18},"end":{"line":147,"column":72}}],"line":145}},"s":{"0":1,"1":1,"2":0,"3":1,"4":1,"5":1,"6":0,"7":0,"8":0,"9":0,"10":0,"11":0,"12":1,"13":1,"14":0,"15":0,"16":0,"17":0,"18":0,"19":0,"20":0,"21":0,"22":0,"23":0,"24":0,"25":0,"26":0,"27":0,"28":0,"29":0,"30":0,"31":0,"32":0,"33":0,"34":0,"35":0,"36":0,"37":0,"38":0,"39":0,"40":0},"f":{"0":0,"1":0,"2":0,"3":0,"4":0,"5":0,"6":0,"7":0},"b":{"0":[0,0],"1":[0,0],"2":[0,0],"3":[0,0],"4":[0,0],"5":[0,0],"6":[0,0],"7":[0,0],"8":[0,0],"9":[0,0],"10":[0,0]},"_coverageSchema":"1a1c01bbd47fc00a2c39e90264f33305004495a9","hash":"c3583fba667ffa2961b9e1b50379ecd8179a5389"}
,"/Users/sheebanair/Desktop/FEC/catwalk/client/components/related/related.jsx": {"path":"/Users/sheebanair/Desktop/FEC/catwalk/client/components/related/related.jsx","statementMap":{"0":{"start":{"line":11,"column":31},"end":{"line":16,"column":1}},"1":{"start":{"line":18,"column":29},"end":{"line":25,"column":1}},"2":{"start":{"line":27,"column":22},"end":{"line":29,"column":1}},"3":{"start":{"line":31,"column":35},"end":{"line":43,"column":1}},"4":{"start":{"line":45,"column":28},"end":{"line":49,"column":1}},"5":{"start":{"line":51,"column":27},"end":{"line":70,"column":1}},"6":{"start":{"line":54,"column":16},"end":{"line":54,"column":47}},"7":{"start":{"line":55,"column":16},"end":{"line":55,"column":49}},"8":{"start":{"line":65,"column":47},"end":{"line":65,"column":76}},"9":{"start":{"line":72,"column":25},"end":{"line":75,"column":1}},"10":{"start":{"line":73,"column":24},"end":{"line":73,"column":37}},"11":{"start":{"line":82,"column":14},"end":{"line":82,"column":26}},"12":{"start":{"line":83,"column":38},"end":{"line":83,"column":49}},"13":{"start":{"line":84,"column":40},"end":{"line":84,"column":51}},"14":{"start":{"line":85,"column":40},"end":{"line":85,"column":51}},"15":{"start":{"line":86,"column":38},"end":{"line":86,"column":54}},"16":{"start":{"line":87,"column":50},"end":{"line":87,"column":77}},"17":{"start":{"line":88,"column":58},"end":{"line":88,"column":72}},"18":{"start":{"line":89,"column":65},"end":{"line":89,"column":79}},"19":{"start":{"line":90,"column":54},"end":{"line":90,"column":68}},"20":{"start":{"line":92,"column":2},"end":{"line":96,"column":5}},"21":{"start":{"line":93,"column":4},"end":{"line":93,"column":42}},"22":{"start":{"line":94,"column":4},"end":{"line":94,"column":44}},"23":{"start":{"line":95,"column":4},"end":{"line":95,"column":44}},"24":{"start":{"line":99,"column":29},"end":{"line":117,"column":3}},"25":{"start":{"line":100,"column":4},"end":{"line":104,"column":40}},"26":{"start":{"line":102,"column":8},"end":{"line":102,"column":38}},"27":{"start":{"line":104,"column":22},"end":{"line":104,"column":38}},"28":{"start":{"line":106,"column":4},"end":{"line":110,"column":40}},"29":{"start":{"line":108,"column":8},"end":{"line":108,"column":41}},"30":{"start":{"line":110,"column":22},"end":{"line":110,"column":38}},"31":{"start":{"line":112,"column":4},"end":{"line":116,"column":40}},"32":{"start":{"line":114,"column":8},"end":{"line":114,"column":36}},"33":{"start":{"line":116,"column":22},"end":{"line":116,"column":38}},"34":{"start":{"line":119,"column":2},"end":{"line":121,"column":26}},"35":{"start":{"line":120,"column":4},"end":{"line":120,"column":25}},"36":{"start":{"line":123,"column":17},"end":{"line":159,"column":3}},"37":{"start":{"line":126,"column":4},"end":{"line":138,"column":5}},"38":{"start":{"line":127,"column":6},"end":{"line":127,"column":38}},"39":{"start":{"line":128,"column":11},"end":{"line":138,"column":5}},"40":{"start":{"line":129,"column":6},"end":{"line":129,"column":28}},"41":{"start":{"line":130,"column":11},"end":{"line":138,"column":5}},"42":{"start":{"line":131,"column":6},"end":{"line":135,"column":7}},"43":{"start":{"line":132,"column":8},"end":{"line":132,"column":40}},"44":{"start":{"line":134,"column":8},"end":{"line":134,"column":55}},"45":{"start":{"line":137,"column":6},"end":{"line":137,"column":64}},"46":{"start":{"line":140,"column":4},"end":{"line":140,"column":43}},"47":{"start":{"line":141,"column":4},"end":{"line":141,"column":42}},"48":{"start":{"line":142,"column":4},"end":{"line":142,"column":44}},"49":{"start":{"line":143,"column":4},"end":{"line":143,"column":44}},"50":{"start":{"line":145,"column":23},"end":{"line":145,"column":66}},"51":{"start":{"line":146,"column":23},"end":{"line":146,"column":102}},"52":{"start":{"line":148,"column":4},"end":{"line":156,"column":5}},"53":{"start":{"line":149,"column":6},"end":{"line":149,"column":28}},"54":{"start":{"line":150,"column":11},"end":{"line":156,"column":5}},"55":{"start":{"line":151,"column":6},"end":{"line":151,"column":29}},"56":{"start":{"line":152,"column":11},"end":{"line":156,"column":5}},"57":{"start":{"line":153,"column":6},"end":{"line":153,"column":28}},"58":{"start":{"line":155,"column":6},"end":{"line":155,"column":30}},"59":{"start":{"line":158,"column":4},"end":{"line":158,"column":24}},"60":{"start":{"line":161,"column":2},"end":{"line":193,"column":4}},"61":{"start":{"line":166,"column":82},"end":{"line":166,"column":94}},"62":{"start":{"line":175,"column":18},"end":{"line":183,"column":20}},"63":{"start":{"line":190,"column":84},"end":{"line":190,"column":95}},"64":{"start":{"line":198,"column":2},"end":{"line":198,"column":15}}},"fnMap":{"0":{"name":"(anonymous_0)","decl":{"start":{"line":54,"column":4},"end":{"line":54,"column":5}},"loc":{"start":{"line":54,"column":16},"end":{"line":54,"column":47}},"line":54},"1":{"name":"(anonymous_1)","decl":{"start":{"line":55,"column":4},"end":{"line":55,"column":5}},"loc":{"start":{"line":55,"column":16},"end":{"line":55,"column":49}},"line":55},"2":{"name":"(anonymous_2)","decl":{"start":{"line":65,"column":35},"end":{"line":65,"column":36}},"loc":{"start":{"line":65,"column":47},"end":{"line":65,"column":76}},"line":65},"3":{"name":"(anonymous_3)","decl":{"start":{"line":73,"column":13},"end":{"line":73,"column":14}},"loc":{"start":{"line":73,"column":24},"end":{"line":73,"column":37}},"line":73},"4":{"name":"RelatedProducts","decl":{"start":{"line":81,"column":9},"end":{"line":81,"column":24}},"loc":{"start":{"line":81,"column":83},"end":{"line":194,"column":1}},"line":81},"5":{"name":"(anonymous_5)","decl":{"start":{"line":92,"column":12},"end":{"line":92,"column":13}},"loc":{"start":{"line":92,"column":18},"end":{"line":96,"column":3}},"line":92},"6":{"name":"(anonymous_6)","decl":{"start":{"line":99,"column":29},"end":{"line":99,"column":30}},"loc":{"start":{"line":99,"column":35},"end":{"line":117,"column":3}},"line":99},"7":{"name":"(anonymous_7)","decl":{"start":{"line":101,"column":12},"end":{"line":101,"column":13}},"loc":{"start":{"line":101,"column":24},"end":{"line":103,"column":7}},"line":101},"8":{"name":"(anonymous_8)","decl":{"start":{"line":104,"column":13},"end":{"line":104,"column":14}},"loc":{"start":{"line":104,"column":22},"end":{"line":104,"column":38}},"line":104},"9":{"name":"(anonymous_9)","decl":{"start":{"line":107,"column":12},"end":{"line":107,"column":13}},"loc":{"start":{"line":107,"column":24},"end":{"line":109,"column":7}},"line":107},"10":{"name":"(anonymous_10)","decl":{"start":{"line":110,"column":13},"end":{"line":110,"column":14}},"loc":{"start":{"line":110,"column":22},"end":{"line":110,"column":38}},"line":110},"11":{"name":"(anonymous_11)","decl":{"start":{"line":113,"column":12},"end":{"line":113,"column":13}},"loc":{"start":{"line":113,"column":26},"end":{"line":115,"column":7}},"line":113},"12":{"name":"(anonymous_12)","decl":{"start":{"line":116,"column":13},"end":{"line":116,"column":14}},"loc":{"start":{"line":116,"column":22},"end":{"line":116,"column":38}},"line":116},"13":{"name":"(anonymous_13)","decl":{"start":{"line":119,"column":12},"end":{"line":119,"column":13}},"loc":{"start":{"line":119,"column":18},"end":{"line":121,"column":3}},"line":119},"14":{"name":"(anonymous_14)","decl":{"start":{"line":123,"column":17},"end":{"line":123,"column":18}},"loc":{"start":{"line":123,"column":35},"end":{"line":159,"column":3}},"line":123},"15":{"name":"(anonymous_15)","decl":{"start":{"line":166,"column":76},"end":{"line":166,"column":77}},"loc":{"start":{"line":166,"column":82},"end":{"line":166,"column":94}},"line":166},"16":{"name":"(anonymous_16)","decl":{"start":{"line":174,"column":42},"end":{"line":174,"column":43}},"loc":{"start":{"line":175,"column":18},"end":{"line":183,"column":20}},"line":175},"17":{"name":"(anonymous_17)","decl":{"start":{"line":190,"column":78},"end":{"line":190,"column":79}},"loc":{"start":{"line":190,"column":84},"end":{"line":190,"column":95}},"line":190},"18":{"name":"testFunc","decl":{"start":{"line":197,"column":9},"end":{"line":197,"column":17}},"loc":{"start":{"line":197,"column":24},"end":{"line":199,"column":1}},"line":197}},"branchMap":{"0":{"loc":{"start":{"line":54,"column":16},"end":{"line":54,"column":47}},"type":"cond-expr","locations":[{"start":{"line":54,"column":29},"end":{"line":54,"column":42}},{"start":{"line":54,"column":45},"end":{"line":54,"column":47}}],"line":54},"1":{"loc":{"start":{"line":55,"column":16},"end":{"line":55,"column":49}},"type":"cond-expr","locations":[{"start":{"line":55,"column":30},"end":{"line":55,"column":44}},{"start":{"line":55,"column":47},"end":{"line":55,"column":49}}],"line":55},"2":{"loc":{"start":{"line":65,"column":47},"end":{"line":65,"column":76}},"type":"cond-expr","locations":[{"start":{"line":65,"column":60},"end":{"line":65,"column":67}},{"start":{"line":65,"column":70},"end":{"line":65,"column":76}}],"line":65},"3":{"loc":{"start":{"line":126,"column":4},"end":{"line":138,"column":5}},"type":"if","locations":[{"start":{"line":126,"column":4},"end":{"line":138,"column":5}},{"start":{"line":126,"column":4},"end":{"line":138,"column":5}}],"line":126},"4":{"loc":{"start":{"line":126,"column":8},"end":{"line":126,"column":94}},"type":"binary-expr","locations":[{"start":{"line":126,"column":8},"end":{"line":126,"column":74}},{"start":{"line":126,"column":78},"end":{"line":126,"column":94}}],"line":126},"5":{"loc":{"start":{"line":128,"column":11},"end":{"line":138,"column":5}},"type":"if","locations":[{"start":{"line":128,"column":11},"end":{"line":138,"column":5}},{"start":{"line":128,"column":11},"end":{"line":138,"column":5}}],"line":128},"6":{"loc":{"start":{"line":128,"column":15},"end":{"line":128,"column":77}},"type":"binary-expr","locations":[{"start":{"line":128,"column":15},"end":{"line":128,"column":57}},{"start":{"line":128,"column":61},"end":{"line":128,"column":77}}],"line":128},"7":{"loc":{"start":{"line":130,"column":11},"end":{"line":138,"column":5}},"type":"if","locations":[{"start":{"line":130,"column":11},"end":{"line":138,"column":5}},{"start":{"line":130,"column":11},"end":{"line":138,"column":5}}],"line":130},"8":{"loc":{"start":{"line":130,"column":15},"end":{"line":130,"column":63}},"type":"binary-expr","locations":[{"start":{"line":130,"column":15},"end":{"line":130,"column":43}},{"start":{"line":130,"column":47},"end":{"line":130,"column":63}}],"line":130},"9":{"loc":{"start":{"line":131,"column":6},"end":{"line":135,"column":7}},"type":"if","locations":[{"start":{"line":131,"column":6},"end":{"line":135,"column":7}},{"start":{"line":131,"column":6},"end":{"line":135,"column":7}}],"line":131},"10":{"loc":{"start":{"line":145,"column":23},"end":{"line":145,"column":66}},"type":"binary-expr","locations":[{"start":{"line":145,"column":23},"end":{"line":145,"column":39}},{"start":{"line":145,"column":43},"end":{"line":145,"column":66}}],"line":145},"11":{"loc":{"start":{"line":146,"column":23},"end":{"line":146,"column":102}},"type":"binary-expr","locations":[{"start":{"line":146,"column":24},"end":{"line":146,"column":79}},{"start":{"line":146,"column":85},"end":{"line":146,"column":101}}],"line":146},"12":{"loc":{"start":{"line":148,"column":4},"end":{"line":156,"column":5}},"type":"if","locations":[{"start":{"line":148,"column":4},"end":{"line":156,"column":5}},{"start":{"line":148,"column":4},"end":{"line":156,"column":5}}],"line":148},"13":{"loc":{"start":{"line":150,"column":11},"end":{"line":156,"column":5}},"type":"if","locations":[{"start":{"line":150,"column":11},"end":{"line":156,"column":5}},{"start":{"line":150,"column":11},"end":{"line":156,"column":5}}],"line":150},"14":{"loc":{"start":{"line":152,"column":11},"end":{"line":156,"column":5}},"type":"if","locations":[{"start":{"line":152,"column":11},"end":{"line":156,"column":5}},{"start":{"line":152,"column":11},"end":{"line":156,"column":5}}],"line":152},"15":{"loc":{"start":{"line":165,"column":9},"end":{"line":166,"column":118}},"type":"binary-expr","locations":[{"start":{"line":165,"column":9},"end":{"line":165,"column":30}},{"start":{"line":165,"column":34},"end":{"line":165,"column":55}},{"start":{"line":166,"column":11},"end":{"line":166,"column":118}}],"line":165},"16":{"loc":{"start":{"line":168,"column":11},"end":{"line":187,"column":11}},"type":"binary-expr","locations":[{"start":{"line":168,"column":11},"end":{"line":168,"column":40}},{"start":{"line":169,"column":13},"end":{"line":169,"column":46}},{"start":{"line":170,"column":13},"end":{"line":170,"column":40}},{"start":{"line":172,"column":12},"end":{"line":186,"column":28}}],"line":168},"17":{"loc":{"start":{"line":189,"column":9},"end":{"line":190,"column":119}},"type":"binary-expr","locations":[{"start":{"line":189,"column":9},"end":{"line":189,"column":31}},{"start":{"line":189,"column":35},"end":{"line":189,"column":56}},{"start":{"line":190,"column":11},"end":{"line":190,"column":119}}],"line":189}},"s":{"0":1,"1":1,"2":1,"3":1,"4":1,"5":1,"6":0,"7":0,"8":0,"9":1,"10":0,"11":0,"12":0,"13":0,"14":0,"15":0,"16":0,"17":0,"18":0,"19":0,"20":0,"21":0,"22":0,"23":0,"24":0,"25":0,"26":0,"27":0,"28":0,"29":0,"30":0,"31":0,"32":0,"33":0,"34":0,"35":0,"36":0,"37":0,"38":0,"39":0,"40":0,"41":0,"42":0,"43":0,"44":0,"45":0,"46":0,"47":0,"48":0,"49":0,"50":0,"51":0,"52":0,"53":0,"54":0,"55":0,"56":0,"57":0,"58":0,"59":0,"60":0,"61":0,"62":0,"63":0,"64":1},"f":{"0":0,"1":0,"2":0,"3":0,"4":0,"5":0,"6":0,"7":0,"8":0,"9":0,"10":0,"11":0,"12":0,"13":0,"14":0,"15":0,"16":0,"17":0,"18":1},"b":{"0":[0,0],"1":[0,0],"2":[0,0],"3":[0,0],"4":[0,0],"5":[0,0],"6":[0,0],"7":[0,0],"8":[0,0],"9":[0,0],"10":[0,0],"11":[0,0],"12":[0,0],"13":[0,0],"14":[0,0],"15":[0,0,0],"16":[0,0,0,0],"17":[0,0,0]},"_coverageSchema":"1a1c01bbd47fc00a2c39e90264f33305004495a9","hash":"9d4d58847e6c236c98e95cfbb873ea6b3a9bae6d"}
,"/Users/sheebanair/Desktop/FEC/catwalk/client/components/related/relatedcard.jsx": {"path":"/Users/sheebanair/Desktop/FEC/catwalk/client/components/related/relatedcard.jsx","statementMap":{"0":{"start":{"line":11,"column":27},"end":{"line":30,"column":1}},"1":{"start":{"line":32,"column":21},"end":{"line":37,"column":1}},"2":{"start":{"line":39,"column":20},"end":{"line":49,"column":1}},"3":{"start":{"line":51,"column":24},"end":{"line":53,"column":1}},"4":{"start":{"line":55,"column":24},"end":{"line":62,"column":1}},"5":{"start":{"line":64,"column":20},"end":{"line":72,"column":1}},"6":{"start":{"line":74,"column":25},"end":{"line":81,"column":1}},"7":{"start":{"line":83,"column":21},"end":{"line":91,"column":1}},"8":{"start":{"line":87,"column":33},"end":{"line":87,"column":69}},"9":{"start":{"line":93,"column":20},"end":{"line":104,"column":1}},"10":{"start":{"line":98,"column":24},"end":{"line":98,"column":37}},"11":{"start":{"line":111,"column":30},"end":{"line":111,"column":47}},"12":{"start":{"line":112,"column":30},"end":{"line":112,"column":45}},"13":{"start":{"line":113,"column":32},"end":{"line":113,"column":43}},"14":{"start":{"line":115,"column":22},"end":{"line":119,"column":3}},"15":{"start":{"line":116,"column":4},"end":{"line":116,"column":18}},"16":{"start":{"line":117,"column":4},"end":{"line":117,"column":23}},"17":{"start":{"line":118,"column":4},"end":{"line":118,"column":89}},"18":{"start":{"line":121,"column":20},"end":{"line":125,"column":3}},"19":{"start":{"line":122,"column":4},"end":{"line":124,"column":12}},"20":{"start":{"line":123,"column":6},"end":{"line":123,"column":20}},"21":{"start":{"line":128,"column":4},"end":{"line":131,"column":7}},"22":{"start":{"line":129,"column":6},"end":{"line":129,"column":20}},"23":{"start":{"line":130,"column":6},"end":{"line":130,"column":31}},"24":{"start":{"line":134,"column":20},"end":{"line":138,"column":3}},"25":{"start":{"line":135,"column":4},"end":{"line":137,"column":5}},"26":{"start":{"line":136,"column":6},"end":{"line":136,"column":52}},"27":{"start":{"line":140,"column":2},"end":{"line":142,"column":9}},"28":{"start":{"line":141,"column":4},"end":{"line":141,"column":16}},"29":{"start":{"line":144,"column":2},"end":{"line":194,"column":4}},"30":{"start":{"line":145,"column":72},"end":{"line":145,"column":147}},"31":{"start":{"line":152,"column":65},"end":{"line":152,"column":105}}},"fnMap":{"0":{"name":"(anonymous_0)","decl":{"start":{"line":87,"column":21},"end":{"line":87,"column":22}},"loc":{"start":{"line":87,"column":33},"end":{"line":87,"column":69}},"line":87},"1":{"name":"(anonymous_1)","decl":{"start":{"line":98,"column":13},"end":{"line":98,"column":14}},"loc":{"start":{"line":98,"column":24},"end":{"line":98,"column":37}},"line":98},"2":{"name":"ProductCard","decl":{"start":{"line":110,"column":9},"end":{"line":110,"column":20}},"loc":{"start":{"line":110,"column":28},"end":{"line":195,"column":1}},"line":110},"3":{"name":"(anonymous_3)","decl":{"start":{"line":115,"column":22},"end":{"line":115,"column":23}},"loc":{"start":{"line":115,"column":28},"end":{"line":119,"column":3}},"line":115},"4":{"name":"(anonymous_4)","decl":{"start":{"line":121,"column":20},"end":{"line":121,"column":21}},"loc":{"start":{"line":121,"column":26},"end":{"line":125,"column":3}},"line":121},"5":{"name":"(anonymous_5)","decl":{"start":{"line":122,"column":15},"end":{"line":122,"column":16}},"loc":{"start":{"line":122,"column":21},"end":{"line":124,"column":5}},"line":122},"6":{"name":"beforeClose","decl":{"start":{"line":127,"column":11},"end":{"line":127,"column":22}},"loc":{"start":{"line":127,"column":25},"end":{"line":132,"column":3}},"line":127},"7":{"name":"(anonymous_7)","decl":{"start":{"line":128,"column":23},"end":{"line":128,"column":24}},"loc":{"start":{"line":128,"column":36},"end":{"line":131,"column":5}},"line":128},"8":{"name":"(anonymous_8)","decl":{"start":{"line":134,"column":20},"end":{"line":134,"column":21}},"loc":{"start":{"line":134,"column":26},"end":{"line":138,"column":3}},"line":134},"9":{"name":"(anonymous_9)","decl":{"start":{"line":140,"column":12},"end":{"line":140,"column":13}},"loc":{"start":{"line":140,"column":18},"end":{"line":142,"column":3}},"line":140},"10":{"name":"(anonymous_10)","decl":{"start":{"line":145,"column":66},"end":{"line":145,"column":67}},"loc":{"start":{"line":145,"column":72},"end":{"line":145,"column":147}},"line":145},"11":{"name":"(anonymous_11)","decl":{"start":{"line":152,"column":59},"end":{"line":152,"column":60}},"loc":{"start":{"line":152,"column":65},"end":{"line":152,"column":105}},"line":152}},"branchMap":{"0":{"loc":{"start":{"line":87,"column":33},"end":{"line":87,"column":69}},"type":"cond-expr","locations":[{"start":{"line":87,"column":46},"end":{"line":87,"column":60}},{"start":{"line":87,"column":63},"end":{"line":87,"column":69}}],"line":87},"1":{"loc":{"start":{"line":135,"column":4},"end":{"line":137,"column":5}},"type":"if","locations":[{"start":{"line":135,"column":4},"end":{"line":137,"column":5}},{"start":{"line":135,"column":4},"end":{"line":137,"column":5}}],"line":135},"2":{"loc":{"start":{"line":135,"column":8},"end":{"line":135,"column":50}},"type":"binary-expr","locations":[{"start":{"line":135,"column":8},"end":{"line":135,"column":20}},{"start":{"line":135,"column":24},"end":{"line":135,"column":50}}],"line":135},"3":{"loc":{"start":{"line":147,"column":7},"end":{"line":176,"column":7}},"type":"binary-expr","locations":[{"start":{"line":147,"column":7},"end":{"line":147,"column":19}},{"start":{"line":148,"column":8},"end":{"line":175,"column":11}}],"line":147},"4":{"loc":{"start":{"line":153,"column":13},"end":{"line":166,"column":13}},"type":"binary-expr","locations":[{"start":{"line":153,"column":13},"end":{"line":153,"column":24}},{"start":{"line":154,"column":12},"end":{"line":165,"column":18}}],"line":153},"5":{"loc":{"start":{"line":167,"column":13},"end":{"line":172,"column":13}},"type":"binary-expr","locations":[{"start":{"line":167,"column":13},"end":{"line":167,"column":23}},{"start":{"line":168,"column":14},"end":{"line":171,"column":29}}],"line":167}},"s":{"0":1,"1":1,"2":1,"3":1,"4":1,"5":1,"6":1,"7":1,"8":0,"9":1,"10":0,"11":0,"12":0,"13":0,"14":0,"15":0,"16":0,"17":0,"18":0,"19":0,"20":0,"21":0,"22":0,"23":0,"24":0,"25":0,"26":0,"27":0,"28":0,"29":0,"30":0,"31":0},"f":{"0":0,"1":0,"2":0,"3":0,"4":0,"5":0,"6":0,"7":0,"8":0,"9":0,"10":0,"11":0},"b":{"0":[0,0],"1":[0,0],"2":[0,0],"3":[0,0],"4":[0,0],"5":[0,0]},"_coverageSchema":"1a1c01bbd47fc00a2c39e90264f33305004495a9","hash":"e478be327f175d0466ae48b5b5ef228a823c7077"}
,"/Users/sheebanair/Desktop/FEC/catwalk/client/components/related/relatedratings.jsx": {"path":"/Users/sheebanair/Desktop/FEC/catwalk/client/components/related/relatedratings.jsx","statementMap":{"0":{"start":{"line":6,"column":19},"end":{"line":10,"column":1}},"1":{"start":{"line":12,"column":19},"end":{"line":16,"column":1}},"2":{"start":{"line":19,"column":2},"end":{"line":27,"column":4}},"3":{"start":{"line":22,"column":8},"end":{"line":24,"column":16}},"4":{"start":{"line":31,"column":32},"end":{"line":31,"column":44}},"5":{"start":{"line":32,"column":36},"end":{"line":32,"column":48}},"6":{"start":{"line":33,"column":22},"end":{"line":40,"column":6}},"7":{"start":{"line":33,"column":28},"end":{"line":40,"column":6}},"8":{"start":{"line":35,"column":6},"end":{"line":35,"column":31}},"9":{"start":{"line":36,"column":6},"end":{"line":36,"column":37}},"10":{"start":{"line":39,"column":6},"end":{"line":39,"column":41}},"11":{"start":{"line":42,"column":2},"end":{"line":44,"column":26}},"12":{"start":{"line":43,"column":4},"end":{"line":43,"column":18}},"13":{"start":{"line":48,"column":14},"end":{"line":48,"column":36}},"14":{"start":{"line":49,"column":13},"end":{"line":49,"column":36}},"15":{"start":{"line":50,"column":16},"end":{"line":50,"column":24}},"16":{"start":{"line":53,"column":17},"end":{"line":53,"column":24}},"17":{"start":{"line":54,"column":14},"end":{"line":54,"column":151}},"18":{"start":{"line":55,"column":23},"end":{"line":55,"column":34}},"19":{"start":{"line":56,"column":20},"end":{"line":56,"column":52}},"20":{"start":{"line":59,"column":27},"end":{"line":59,"column":29}},"21":{"start":{"line":60,"column":2},"end":{"line":64,"column":3}},"22":{"start":{"line":61,"column":22},"end":{"line":61,"column":43}},"23":{"start":{"line":62,"column":24},"end":{"line":62,"column":61}},"24":{"start":{"line":63,"column":4},"end":{"line":63,"column":39}},"25":{"start":{"line":66,"column":2},"end":{"line":70,"column":4}}},"fnMap":{"0":{"name":"StarRating","decl":{"start":{"line":18,"column":9},"end":{"line":18,"column":19}},"loc":{"start":{"line":18,"column":35},"end":{"line":28,"column":1}},"line":18},"1":{"name":"(anonymous_1)","decl":{"start":{"line":21,"column":25},"end":{"line":21,"column":26}},"loc":{"start":{"line":22,"column":8},"end":{"line":24,"column":16}},"line":22},"2":{"name":"Ratings","decl":{"start":{"line":30,"column":9},"end":{"line":30,"column":16}},"loc":{"start":{"line":30,"column":40},"end":{"line":71,"column":1}},"line":30},"3":{"name":"(anonymous_3)","decl":{"start":{"line":33,"column":22},"end":{"line":33,"column":23}},"loc":{"start":{"line":33,"column":28},"end":{"line":40,"column":6}},"line":33},"4":{"name":"(anonymous_4)","decl":{"start":{"line":34,"column":10},"end":{"line":34,"column":11}},"loc":{"start":{"line":34,"column":24},"end":{"line":37,"column":5}},"line":34},"5":{"name":"(anonymous_5)","decl":{"start":{"line":38,"column":11},"end":{"line":38,"column":12}},"loc":{"start":{"line":38,"column":20},"end":{"line":40,"column":5}},"line":38},"6":{"name":"(anonymous_6)","decl":{"start":{"line":42,"column":12},"end":{"line":42,"column":13}},"loc":{"start":{"line":42,"column":18},"end":{"line":44,"column":3}},"line":42}},"branchMap":{"0":{"loc":{"start":{"line":23,"column":35},"end":{"line":23,"column":82}},"type":"cond-expr","locations":[{"start":{"line":23,"column":59},"end":{"line":23,"column":68}},{"start":{"line":23,"column":71},"end":{"line":23,"column":82}}],"line":23}},"s":{"0":1,"1":1,"2":0,"3":0,"4":0,"5":0,"6":0,"7":0,"8":0,"9":0,"10":0,"11":0,"12":0,"13":0,"14":0,"15":0,"16":0,"17":0,"18":0,"19":0,"20":0,"21":0,"22":0,"23":0,"24":0,"25":0},"f":{"0":0,"1":0,"2":0,"3":0,"4":0,"5":0,"6":0},"b":{"0":[0,0]},"_coverageSchema":"1a1c01bbd47fc00a2c39e90264f33305004495a9","hash":"91c1dd835abc19570624ebb4680502fc84bc2077"}
}
